This is pdfTeX, Version 3.141592653-2.6-1.40.29 (TeX Live 2026) (preloaded format=pdflatex 2026.3.12)  12 MAR 2026 22:21
entering extended mode
 restricted \write18 enabled.
 %&-line parsing enabled.
**/Users/moamedmoustafadawoud/Desktop/momodawoud-website/cv-latex/cv.tex
(/Users/moamedmoustafadawoud/Desktop/momodawoud-website/cv-latex/cv.tex
LaTeX2e <2025-11-01>
L3 programming layer <2026-01-19>
(/Users/moamedmoustafadawoud/Library/TinyTeX/texmf-dist/tex/latex/base/article.cls
Document Class: article 2025/01/22 v1.4n Standard LaTeX document class
(/Users/moamedmoustafadawoud/Library/TinyTeX/texmf-dist/tex/latex/base/size10.clo
File: size10.clo 2025/01/22 v1.4n Standard LaTeX file (size option)
)
\c@part=\count275
\c@section=\count276
\c@subsection=\count277
\c@subsubsection=\count278
\c@paragraph=\count279
\c@subparagraph=\count280
\c@figure=\count281
\c@table=\count282
\abovecaptionskip=\skip49
\belowcaptionskip=\skip50
\bibindent=\dimen148
)

! LaTeX Error: File `cv.sty' not found.

Type X to quit or <RETURN> to proceed,
or enter new name. (Default extension: sty)

Enter file name: 
! Emergency stop.
<read *> 
         
l.3 ^^M
       
*** (cannot \read from terminal in nonstop modes)

 
Here is how much of TeX's memory you used:
 245 strings out of 469515
 3256 string characters out of 5469037
 433756 words of memory out of 5000000
 28988 multiletter control sequences out of 15000+600000
 627721 words of font info for 40 fonts, out of 8000000 for 9000
 14 hyphenation exceptions out of 8191
 35i,0n,38p,200b,36s stack positions out of 10000i,1000n,20000p,200000b,200000s
!  ==> Fatal error occurred, no output PDF file produced!
